1652314370309	geckodriver	INFO	Listening on 127.0.0.1:63440
1652314373406	mozrunner::runner	INFO	Running command: "C:\\Program Files\\Mozilla Firefox\\firefox.exe" "--marionette" "--remote-debugging-port" "63441" "-no-remote" "-profile" "C:\\Users\\eldor\\AppData\\Local\\Temp\\rust_mozprofileadc7Pv"
1652314375276	Marionette	INFO	Marionette enabled
console.warn: SearchSettings: "get: No settings file exists, new profile?" (new NotFoundError("Could not open the file at C:\\Users\\eldor\\AppData\\Local\\Temp\\rust_mozprofileadc7Pv\\search.json.mozlz4", (void 0)))
DevTools listening on ws://localhost:63441/devtools/browser/974680ae-8124-441b-b537-0ed22adb25e5
1652314381067	Marionette	INFO	Listening on port 63450
1652314381170	RemoteAgent	WARN	TLS certificate errors will be ignored for this session
1652314383477	Marionette	INFO	Stopped listening on port 63450
JavaScript error: resource://services-settings/Utils.jsm, line 153: TypeError: NetworkError: Network request failed
JavaScript error: resource://services-settings/Utils.jsm, line 153: TypeError: NetworkError: Network request failed
1652314385301	geckodriver	INFO	Listening on 127.0.0.1:63506
1652314388470	mozrunner::runner	INFO	Running command: "C:\\Program Files\\Mozilla Firefox\\firefox.exe" "--marionette" "--remote-debugging-port" "63507" "-no-remote" "-profile" "C:\\Users\\eldor\\AppData\\Local\\Temp\\rust_mozprofilee0Jbny"
1652314389411	Marionette	INFO	Marionette enabled
console.warn: SearchSettings: "get: No settings file exists, new profile?" (new NotFoundError("Could not open the file at C:\\Users\\eldor\\AppData\\Local\\Temp\\rust_mozprofilee0Jbny\\search.json.mozlz4", (void 0)))
DevTools listening on ws://localhost:63507/devtools/browser/5aeb5187-899b-44fc-a036-6d9aa970e2e6
1652314394109	Marionette	INFO	Listening on port 63514
1652314394481	RemoteAgent	WARN	TLS certificate errors will be ignored for this session
console.warn: LoginRecipes: "getRecipes: falling back to a synchronous message for:" "https://www.saucedemo.com"
console.warn: LoginRecipes: "getRecipes: falling back to a synchronous message for:" "https://www.saucedemo.com"
JavaScript error: resource://gre/modules/LoginManagerParent.jsm, line 136: TypeError: gRecipeManager is null
1652314397563	Marionette	INFO	Stopped listening on port 63514

###!!! [Parent][PGPUParent] Error: RunMessage(msgname=PGPU::Msg_ShutdownVR) Channel closing: too late to send/recv, messages will be lost

1652314557646	geckodriver	INFO	Listening on 127.0.0.1:49762
1652314560744	mozrunner::runner	INFO	Running command: "C:\\Program Files\\Mozilla Firefox\\firefox.exe" "--marionette" "--remote-debugging-port" "49835" "-no-remote" "-profile" "C:\\Users\\eldor\\AppData\\Local\\Temp\\rust_mozprofilelYxSwT"
1652314561554	Marionette	INFO	Marionette enabled
console.warn: SearchSettings: "get: No settings file exists, new profile?" (new NotFoundError("Could not open the file at C:\\Users\\eldor\\AppData\\Local\\Temp\\rust_mozprofilelYxSwT\\search.json.mozlz4", (void 0)))
DevTools listening on ws://localhost:49835/devtools/browser/a02a9a30-7071-435b-a02e-b1491d358dec
1652314566998	Marionette	INFO	Listening on port 49843
1652314567085	RemoteAgent	WARN	TLS certificate errors will be ignored for this session
1652314568948	Marionette	INFO	Stopped listening on port 49843
JavaScript error: resource://services-settings/Utils.jsm, line 153: TypeError: NetworkError: Network request failed
JavaScript error: resource://services-settings/Utils.jsm, line 153: TypeError: NetworkError: Network request failed

###!!! [Child][PContentChild] Error: RunMessage(msgname=PHttpChannel::Msg_DeleteSelf) Channel closing: too late to send/recv, messages will be lost


###!!! [Child][PContentChild] Error: RunMessage(msgname=PHttpChannel::Msg_DeleteSelf) Channel closing: too late to send/recv, messages will be lost


###!!! [Child][PContentChild] Error: RunMessage(msgname=PHttpChannel::Msg_DeleteSelf) Channel closing: too late to send/recv, messages will be lost


###!!! [Child][PContentChild] Error: RunMessage(msgname=PHttpChannel::Msg_DeleteSelf) Channel closing: too late to send/recv, messages will be lost


###!!! [Child][PContentChild] Error: RunMessage(msgname=PHttpChannel::Msg_DeleteSelf) Channel closing: too late to send/recv, messages will be lost

1652314571216	geckodriver	INFO	Listening on 127.0.0.1:49899
1652314574284	mozrunner::runner	INFO	Running command: "C:\\Program Files\\Mozilla Firefox\\firefox.exe" "--marionette" "--remote-debugging-port" "49900" "-no-remote" "-profile" "C:\\Users\\eldor\\AppData\\Local\\Temp\\rust_mozprofileiQE30e"
1652314575179	Marionette	INFO	Marionette enabled
console.warn: SearchSettings: "get: No settings file exists, new profile?" (new NotFoundError("Could not open the file at C:\\Users\\eldor\\AppData\\Local\\Temp\\rust_mozprofileiQE30e\\search.json.mozlz4", (void 0)))
DevTools listening on ws://localhost:49900/devtools/browser/da30151b-b0d7-4670-9f45-0ffd198e3316
1652314580214	Marionette	INFO	Listening on port 49907
1652314580485	RemoteAgent	WARN	TLS certificate errors will be ignored for this session
console.warn: LoginRecipes: "getRecipes: falling back to a synchronous message for:" "https://www.saucedemo.com"
console.warn: LoginRecipes: "getRecipes: falling back to a synchronous message for:" "https://www.saucedemo.com"
JavaScript error: resource://gre/modules/LoginManagerParent.jsm, line 136: TypeError: gRecipeManager is null
1652314584082	Marionette	INFO	Stopped listening on port 49907
JavaScript error: resource://services-settings/Utils.jsm, line 153: TypeError: NetworkError: Network request failed
JavaScript error: resource://services-settings/Utils.jsm, line 153: TypeError: NetworkError: Network request failed

###!!! [Child][PContentChild] Error: RunMessage(msgname=PHttpChannel::Msg_DeleteSelf) Channel closing: too late to send/recv, messages will be lost


###!!! [Child][PContentChild] Error: RunMessage(msgname=PHttpChannel::Msg_DeleteSelf) Channel closing: too late to send/recv, messages will be lost


###!!! [Child][PContentChild] Error: RunMessage(msgname=PHttpChannel::Msg_DeleteSelf) Channel closing: too late to send/recv, messages will be lost


###!!! [Child][PContentChild] Error: RunMessage(msgname=PHttpChannel::Msg_DeleteSelf) Channel closing: too late to send/recv, messages will be lost


###!!! [Child][PContentChild] Error: RunMessage(msgname=PHttpChannel::Msg_DeleteSelf) Channel closing: too late to send/recv, messages will be lost


###!!! [Child][PContentChild] Error: RunMessage(msgname=PHttpChannel::Msg_DeleteSelf) Channel closing: too late to send/recv, messages will be lost


###!!! [Child][PContentChild] Error: RunMessage(msgname=PHttpChannel::Msg_DeleteSelf) Channel closing: too late to send/recv, messages will be lost


###!!! [Child][PContentChild] Error: RunMessage(msgname=PHttpChannel::Msg_DeleteSelf) Channel closing: too late to send/recv, messages will be lost

1652315852126	geckodriver	INFO	Listening on 127.0.0.1:51131
1652315855237	mozrunner::runner	INFO	Running command: "C:\\Program Files\\Mozilla Firefox\\firefox.exe" "--marionette" "--remote-debugging-port" "51132" "-no-remote" "-profile" "C:\\Users\\eldor\\AppData\\Local\\Temp\\rust_mozprofileS0CNvf"
1652315856918	Marionette	INFO	Marionette enabled
console.warn: SearchSettings: "get: No settings file exists, new profile?" (new NotFoundError("Could not open the file at C:\\Users\\eldor\\AppData\\Local\\Temp\\rust_mozprofileS0CNvf\\search.json.mozlz4", (void 0)))
DevTools listening on ws://localhost:51132/devtools/browser/ade9e038-2ea4-4c2a-a41c-1b2232991d92
1652315862949	Marionette	INFO	Listening on port 51139
console.error: Region.jsm: "Error fetching region" (new Error("TIMEOUT", "resource://gre/modules/Region.jsm", 772))
console.error: Region.jsm: "Failed to fetch region" (new Error("TIMEOUT", "resource://gre/modules/Region.jsm", 419))
1652315863287	RemoteAgent	WARN	TLS certificate errors will be ignored for this session
1652315866735	Marionette	INFO	Stopped listening on port 51139

###!!! [Parent][PGPUParent] Error: RunMessage(msgname=PGPU::Msg_ShutdownVR) Channel closing: too late to send/recv, messages will be lost

1652315868879	geckodriver	INFO	Listening on 127.0.0.1:51183
1652315871941	mozrunner::runner	INFO	Running command: "C:\\Program Files\\Mozilla Firefox\\firefox.exe" "--marionette" "--remote-debugging-port" "51184" "-no-remote" "-profile" "C:\\Users\\eldor\\AppData\\Local\\Temp\\rust_mozprofileBMx0IC"
1652315872701	Marionette	INFO	Marionette enabled
console.warn: SearchSettings: "get: No settings file exists, new profile?" (new NotFoundError("Could not open the file at C:\\Users\\eldor\\AppData\\Local\\Temp\\rust_mozprofileBMx0IC\\search.json.mozlz4", (void 0)))
DevTools listening on ws://localhost:51184/devtools/browser/c20b42f7-5c00-4040-9a37-211d98344526
1652315877048	Marionette	INFO	Listening on port 51191
1652315877300	RemoteAgent	WARN	TLS certificate errors will be ignored for this session
console.warn: LoginRecipes: "getRecipes: falling back to a synchronous message for:" "https://www.saucedemo.com"
console.warn: LoginRecipes: "getRecipes: falling back to a synchronous message for:" "https://www.saucedemo.com"
JavaScript error: resource://gre/modules/LoginManagerParent.jsm, line 136: TypeError: gRecipeManager is null
1652315880365	Marionette	INFO	Stopped listening on port 51191
JavaScript error: resource://services-settings/RemoteSettingsWorker.jsm, line 143: Error: Shutdown, aborting read-only worker requests.
1652448377716	geckodriver	INFO	Listening on 127.0.0.1:50758
1652448380789	mozrunner::runner	INFO	Running command: "C:\\Program Files\\Mozilla Firefox\\firefox.exe" "--marionette" "--remote-debugging-port" "50759" "-no-remote" "-profile" "C:\\Users\\eldor\\AppData\\Local\\Temp\\rust_mozprofileLxbjH6"
1652448381989	Marionette	INFO	Marionette enabled
console.warn: SearchSettings: "get: No settings file exists, new profile?" (new NotFoundError("Could not open the file at C:\\Users\\eldor\\AppData\\Local\\Temp\\rust_mozprofileLxbjH6\\search.json.mozlz4", (void 0)))
DevTools listening on ws://localhost:50759/devtools/browser/5601855d-86dd-4cd2-adf0-027c9eac66cf
1652448385312	Marionette	INFO	Listening on port 50772
1652448385582	RemoteAgent	WARN	TLS certificate errors will be ignored for this session
1652448386504	Marionette	INFO	Stopped listening on port 50772

###!!! [Child][PContentChild] Error: RunMessage(msgname=PHttpChannel::Msg_FailedAsyncOpen) Channel closing: too late to send/recv, messages will be lost

1652448387230	geckodriver	INFO	Listening on 127.0.0.1:50866
1652448390288	mozrunner::runner	INFO	Running command: "C:\\Program Files\\Mozilla Firefox\\firefox.exe" "--marionette" "--remote-debugging-port" "50867" "-no-remote" "-profile" "C:\\Users\\eldor\\AppData\\Local\\Temp\\rust_mozprofileidwF7V"
1652448390829	Marionette	INFO	Marionette enabled
console.warn: SearchSettings: "get: No settings file exists, new profile?" (new NotFoundError("Could not open the file at C:\\Users\\eldor\\AppData\\Local\\Temp\\rust_mozprofileidwF7V\\search.json.mozlz4", (void 0)))
DevTools listening on ws://localhost:50867/devtools/browser/f0f785c6-648d-469f-b556-981a4cd0f1f1
1652448392630	Marionette	INFO	Listening on port 50964
1652448392959	RemoteAgent	WARN	TLS certificate errors will be ignored for this session
console.warn: LoginRecipes: "getRecipes: falling back to a synchronous message for:" "https://www.saucedemo.com"
console.warn: LoginRecipes: "getRecipes: falling back to a synchronous message for:" "https://www.saucedemo.com"
JavaScript error: resource://gre/modules/LoginManagerParent.jsm, line 136: TypeError: gRecipeManager is null
1652448394205	Marionette	INFO	Stopped listening on port 50964
1652448394948	geckodriver	INFO	Listening on 127.0.0.1:51071
1652448398013	mozrunner::runner	INFO	Running command: "C:\\Program Files\\Mozilla Firefox\\firefox.exe" "--marionette" "--remote-debugging-port" "51072" "-no-remote" "-profile" "C:\\Users\\eldor\\AppData\\Local\\Temp\\rust_mozprofileHxsnWq"
1652448398400	Marionette	INFO	Marionette enabled
console.warn: SearchSettings: "get: No settings file exists, new profile?" (new NotFoundError("Could not open the file at C:\\Users\\eldor\\AppData\\Local\\Temp\\rust_mozprofileHxsnWq\\search.json.mozlz4", (void 0)))
DevTools listening on ws://localhost:51072/devtools/browser/2310d617-907c-4a88-82b4-3da74635b6e9
1652448399994	Marionette	INFO	Listening on port 51089
1652448400083	RemoteAgent	WARN	TLS certificate errors will be ignored for this session
1652448400869	Marionette	INFO	Stopped listening on port 51089

###!!! [Child][PContentChild] Error: RunMessage(msgname=PHttpChannel::Msg_DeleteSelf) Channel closing: too late to send/recv, messages will be lost

1652448401551	geckodriver	INFO	Listening on 127.0.0.1:51144
1652448404626	mozrunner::runner	INFO	Running command: "C:\\Program Files\\Mozilla Firefox\\firefox.exe" "--marionette" "--remote-debugging-port" "51145" "-no-remote" "-profile" "C:\\Users\\eldor\\AppData\\Local\\Temp\\rust_mozprofile4XGZg1"
1652448404929	Marionette	INFO	Marionette enabled
console.warn: SearchSettings: "get: No settings file exists, new profile?" (new NotFoundError("Could not open the file at C:\\Users\\eldor\\AppData\\Local\\Temp\\rust_mozprofile4XGZg1\\search.json.mozlz4", (void 0)))
DevTools listening on ws://localhost:51145/devtools/browser/c469391f-086e-4ea7-8b8e-a264d12632ed
1652448406481	Marionette	INFO	Listening on port 51154
1652448406682	RemoteAgent	WARN	TLS certificate errors will be ignored for this session
1652448407549	Marionette	INFO	Stopped listening on port 51154
JavaScript error: resource://gre/modules/TerminatorTelemetry.jsm, line 71: AbortError: IOUtils: Shutting down and refusing additional I/O tasks
1652448691541	geckodriver	INFO	Listening on 127.0.0.1:53872
1652448694610	mozrunner::runner	INFO	Running command: "C:\\Program Files\\Mozilla Firefox\\firefox.exe" "--marionette" "--remote-debugging-port" "53873" "-no-remote" "-profile" "C:\\Users\\eldor\\AppData\\Local\\Temp\\rust_mozprofileeVmHcX"
1652448695017	Marionette	INFO	Marionette enabled
console.warn: SearchSettings: "get: No settings file exists, new profile?" (new NotFoundError("Could not open the file at C:\\Users\\eldor\\AppData\\Local\\Temp\\rust_mozprofileeVmHcX\\search.json.mozlz4", (void 0)))
DevTools listening on ws://localhost:53873/devtools/browser/d69e4f08-ae8e-4e9a-abd4-aaf202ed6e0e
1652448697181	Marionette	INFO	Listening on port 53880
1652448697296	RemoteAgent	WARN	TLS certificate errors will be ignored for this session
console.warn: LoginRecipes: "getRecipes: falling back to a synchronous message for:" "https://www.saucedemo.com"
console.warn: LoginRecipes: "getRecipes: falling back to a synchronous message for:" "https://www.saucedemo.com"
JavaScript error: resource://gre/modules/LoginManagerParent.jsm, line 136: TypeError: gRecipeManager is null
1652448698826	Marionette	INFO	Stopped listening on port 53880
JavaScript error: resource://gre/modules/UrlClassifierListManager.jsm, line 691: TypeError: this.tablesData[table] is undefined

###!!! [Parent][PGPUParent] Error: RunMessage(msgname=PGPU::Msg_ShutdownVR) Channel closing: too late to send/recv, messages will be lost

1652448917193	geckodriver	INFO	Listening on 127.0.0.1:60228
1652448920261	mozrunner::runner	INFO	Running command: "C:\\Program Files\\Mozilla Firefox\\firefox.exe" "--marionette" "--remote-debugging-port" "60229" "-no-remote" "-profile" "C:\\Users\\eldor\\AppData\\Local\\Temp\\rust_mozprofileoBW4wE"
1652448920752	Marionette	INFO	Marionette enabled
console.warn: SearchSettings: "get: No settings file exists, new profile?" (new NotFoundError("Could not open the file at C:\\Users\\eldor\\AppData\\Local\\Temp\\rust_mozprofileoBW4wE\\search.json.mozlz4", (void 0)))
DevTools listening on ws://localhost:60229/devtools/browser/eaacefe5-0ae6-47c8-9633-7f3b5eb4811e
1652448922813	Marionette	INFO	Listening on port 60239
1652448922939	RemoteAgent	WARN	TLS certificate errors will be ignored for this session
1652448923814	Marionette	INFO	Stopped listening on port 60239
1652448924511	geckodriver	INFO	Listening on 127.0.0.1:60290
1652448927569	mozrunner::runner	INFO	Running command: "C:\\Program Files\\Mozilla Firefox\\firefox.exe" "--marionette" "--remote-debugging-port" "60291" "-no-remote" "-profile" "C:\\Users\\eldor\\AppData\\Local\\Temp\\rust_mozprofileJydP0N"
1652448927884	Marionette	INFO	Marionette enabled
console.warn: SearchSettings: "get: No settings file exists, new profile?" (new NotFoundError("Could not open the file at C:\\Users\\eldor\\AppData\\Local\\Temp\\rust_mozprofileJydP0N\\search.json.mozlz4", (void 0)))
DevTools listening on ws://localhost:60291/devtools/browser/e7f096fa-496d-41ab-882a-6a8e82831dfb
1652448929445	Marionette	INFO	Listening on port 60299
1652448929632	RemoteAgent	WARN	TLS certificate errors will be ignored for this session
console.warn: LoginRecipes: "getRecipes: falling back to a synchronous message for:" "https://www.saucedemo.com"
console.warn: LoginRecipes: "getRecipes: falling back to a synchronous message for:" "https://www.saucedemo.com"
JavaScript error: resource://gre/modules/LoginManagerParent.jsm, line 136: TypeError: gRecipeManager is null
1652448930792	Marionette	INFO	Stopped listening on port 60299
1652448931526	geckodriver	INFO	Listening on 127.0.0.1:60353
1652448934602	mozrunner::runner	INFO	Running command: "C:\\Program Files\\Mozilla Firefox\\firefox.exe" "--marionette" "--remote-debugging-port" "60354" "-no-remote" "-profile" "C:\\Users\\eldor\\AppData\\Local\\Temp\\rust_mozprofileQzCPkj"
1652448934911	Marionette	INFO	Marionette enabled
console.warn: SearchSettings: "get: No settings file exists, new profile?" (new NotFoundError("Could not open the file at C:\\Users\\eldor\\AppData\\Local\\Temp\\rust_mozprofileQzCPkj\\search.json.mozlz4", (void 0)))
DevTools listening on ws://localhost:60354/devtools/browser/40a84e04-c8a1-49d0-a0dc-2416834e330c
1652448936534	Marionette	INFO	Listening on port 60362
1652448936660	RemoteAgent	WARN	TLS certificate errors will be ignored for this session
console.warn: LoginRecipes: "getRecipes: falling back to a synchronous message for:" "https://www.saucedemo.com"
console.warn: LoginRecipes: "getRecipes: falling back to a synchronous message for:" "https://www.saucedemo.com"
JavaScript error: resource://gre/modules/LoginManagerParent.jsm, line 136: TypeError: gRecipeManager is null
1652448938106	Marionette	INFO	Stopped listening on port 60362
1652449188577	geckodriver	INFO	Listening on 127.0.0.1:57146
1652449191649	mozrunner::runner	INFO	Running command: "C:\\Program Files\\Mozilla Firefox\\firefox.exe" "--marionette" "--remote-debugging-port" "57147" "-no-remote" "-profile" "C:\\Users\\eldor\\AppData\\Local\\Temp\\rust_mozprofileWpjEV2"
1652449192086	Marionette	INFO	Marionette enabled
console.warn: SearchSettings: "get: No settings file exists, new profile?" (new NotFoundError("Could not open the file at C:\\Users\\eldor\\AppData\\Local\\Temp\\rust_mozprofileWpjEV2\\search.json.mozlz4", (void 0)))
DevTools listening on ws://localhost:57147/devtools/browser/c03e9a8d-7beb-419c-a0b1-a1ec67c909b7
1652449193800	Marionette	INFO	Listening on port 57155
1652449193831	RemoteAgent	WARN	TLS certificate errors will be ignored for this session
1652449194642	Marionette	INFO	Stopped listening on port 57155
JavaScript error: resource://services-settings/Utils.jsm, line 153: TypeError: NetworkError: Network request failed
JavaScript error: resource://services-settings/Utils.jsm, line 153: TypeError: NetworkError: Network request failed
1652449195334	geckodriver	INFO	Listening on 127.0.0.1:57198
1652449198394	mozrunner::runner	INFO	Running command: "C:\\Program Files\\Mozilla Firefox\\firefox.exe" "--marionette" "--remote-debugging-port" "57199" "-no-remote" "-profile" "C:\\Users\\eldor\\AppData\\Local\\Temp\\rust_mozprofiled3rjf6"
1652449198767	Marionette	INFO	Marionette enabled
console.warn: SearchSettings: "get: No settings file exists, new profile?" (new NotFoundError("Could not open the file at C:\\Users\\eldor\\AppData\\Local\\Temp\\rust_mozprofiled3rjf6\\search.json.mozlz4", (void 0)))
DevTools listening on ws://localhost:57199/devtools/browser/b29b4ed4-b12b-456a-973a-5f0176541a32
1652449200540	Marionette	INFO	Listening on port 57208
1652449201065	RemoteAgent	WARN	TLS certificate errors will be ignored for this session
1652449201771	Marionette	INFO	Stopped listening on port 57208

###!!! [Child][PContentChild] Error: Send(msgname=PNecko::Msg_RemoveRequestContext) Channel closing: too late to send/recv, messages will be lost

1652449202559	geckodriver	INFO	Listening on 127.0.0.1:57260
1652449205612	mozrunner::runner	INFO	Running command: "C:\\Program Files\\Mozilla Firefox\\firefox.exe" "--marionette" "--remote-debugging-port" "57261" "-no-remote" "-profile" "C:\\Users\\eldor\\AppData\\Local\\Temp\\rust_mozprofileWyTdXE"
1652449206053	Marionette	INFO	Marionette enabled
console.warn: SearchSettings: "get: No settings file exists, new profile?" (new NotFoundError("Could not open the file at C:\\Users\\eldor\\AppData\\Local\\Temp\\rust_mozprofileWyTdXE\\search.json.mozlz4", (void 0)))
DevTools listening on ws://localhost:57261/devtools/browser/8dbdd8d4-146b-412d-b182-5fbf2b6d9347
1652449207570	Marionette	INFO	Listening on port 57270
1652449207675	RemoteAgent	WARN	TLS certificate errors will be ignored for this session
1652449208363	Marionette	INFO	Stopped listening on port 57270
JavaScript error: resource://services-settings/Utils.jsm, line 153: TypeError: NetworkError: Network request failed

###!!! [Parent][PGPUParent] Error: RunMessage(msgname=PGPU::Msg_ShutdownVR) Channel closing: too late to send/recv, messages will be lost

1652449276228	geckodriver	INFO	Listening on 127.0.0.1:57542
1652449279292	mozrunner::runner	INFO	Running command: "C:\\Program Files\\Mozilla Firefox\\firefox.exe" "--marionette" "--remote-debugging-port" "57543" "-no-remote" "-profile" "C:\\Users\\eldor\\AppData\\Local\\Temp\\rust_mozprofileoKhEcK"
1652449279642	Marionette	INFO	Marionette enabled
console.warn: SearchSettings: "get: No settings file exists, new profile?" (new NotFoundError("Could not open the file at C:\\Users\\eldor\\AppData\\Local\\Temp\\rust_mozprofileoKhEcK\\search.json.mozlz4", (void 0)))
DevTools listening on ws://localhost:57543/devtools/browser/00fe388c-c88a-44e0-87a8-adce06ba6841
1652449281148	Marionette	INFO	Listening on port 57550
1652449281350	RemoteAgent	WARN	TLS certificate errors will be ignored for this session
1652449282138	Marionette	INFO	Stopped listening on port 57550

###!!! [Child][PContentChild] Error: Send(msgname=PHttpChannel::Msg_Cancel) Channel closing: too late to send/recv, messages will be lost


###!!! [Child][PContentChild] Error: Send(msgname=PHttpChannel::Msg_Cancel) Channel closing: too late to send/recv, messages will be lost


###!!! [Child][PContentChild] Error: Send(msgname=PHttpChannel::Msg_Cancel) Channel closing: too late to send/recv, messages will be lost


###!!! [Child][PContentChild] Error: Send(msgname=PHttpChannel::Msg_Cancel) Channel closing: too late to send/recv, messages will be lost


###!!! [Child][PContentChild] Error: Send(msgname=PHttpChannel::Msg_Cancel) Channel closing: too late to send/recv, messages will be lost


###!!! [Child][PContentChild] Error: Send(msgname=PHttpChannel::Msg_Cancel) Channel closing: too late to send/recv, messages will be lost


###!!! [Child][PContentChild] Error: Send(msgname=PHttpChannel::Msg_Cancel) Channel closing: too late to send/recv, messages will be lost


###!!! [Child][PContentChild] Error: Send(msgname=PHttpChannel::Msg_Cancel) Channel closing: too late to send/recv, messages will be lost


###!!! [Child][PContentChild] Error: Send(msgname=PHttpChannel::Msg_Cancel) Channel closing: too late to send/recv, messages will be lost


###!!! [Child][PContentChild] Error: Send(msgname=PHttpChannel::Msg_Cancel) Channel closing: too late to send/recv, messages will be lost


###!!! [Child][PContentChild] Error: Send(msgname=PHttpChannel::Msg_Cancel) Channel closing: too late to send/recv, messages will be lost


###!!! [Child][PContentChild] Error: Send(msgname=PHttpChannel::Msg_Cancel) Channel closing: too late to send/recv, messages will be lost


###!!! [Child][PContentChild] Error: Send(msgname=PHttpChannel::Msg_Cancel) Channel closing: too late to send/recv, messages will be lost


###!!! [Parent][PGPUParent] Error: RunMessage(msgname=PGPU::Msg_ShutdownVR) Channel closing: too late to send/recv, messages will be lost

1652449282826	geckodriver	INFO	Listening on 127.0.0.1:57596
1652449285883	mozrunner::runner	INFO	Running command: "C:\\Program Files\\Mozilla Firefox\\firefox.exe" "--marionette" "--remote-debugging-port" "57597" "-no-remote" "-profile" "C:\\Users\\eldor\\AppData\\Local\\Temp\\rust_mozprofileYeEgRg"
1652449286255	Marionette	INFO	Marionette enabled
console.warn: SearchSettings: "get: No settings file exists, new profile?" (new NotFoundError("Could not open the file at C:\\Users\\eldor\\AppData\\Local\\Temp\\rust_mozprofileYeEgRg\\search.json.mozlz4", (void 0)))
DevTools listening on ws://localhost:57597/devtools/browser/11bf9d99-9df7-4163-92b1-668f3d96ea27
1652449287793	Marionette	INFO	Listening on port 57607
1652449287944	RemoteAgent	WARN	TLS certificate errors will be ignored for this session
console.warn: LoginRecipes: "getRecipes: falling back to a synchronous message for:" "https://www.saucedemo.com"
console.warn: LoginRecipes: "getRecipes: falling back to a synchronous message for:" "https://www.saucedemo.com"
JavaScript error: resource://gre/modules/LoginManagerParent.jsm, line 136: TypeError: gRecipeManager is null
1652449289007	Marionette	INFO	Stopped listening on port 57607
JavaScript error: resource://gre/modules/TerminatorTelemetry.jsm, line 71: AbortError: IOUtils: Shutting down and refusing additional I/O tasks
1652449289737	geckodriver	INFO	Listening on 127.0.0.1:57655
1652449292794	mozrunner::runner	INFO	Running command: "C:\\Program Files\\Mozilla Firefox\\firefox.exe" "--marionette" "--remote-debugging-port" "57656" "-no-remote" "-profile" "C:\\Users\\eldor\\AppData\\Local\\Temp\\rust_mozprofileUjZbPb"
1652449293172	Marionette	INFO	Marionette enabled
console.warn: SearchSettings: "get: No settings file exists, new profile?" (new NotFoundError("Could not open the file at C:\\Users\\eldor\\AppData\\Local\\Temp\\rust_mozprofileUjZbPb\\search.json.mozlz4", (void 0)))
DevTools listening on ws://localhost:57656/devtools/browser/13902257-2755-4991-b2d2-17dae3512ba5
1652449294686	Marionette	INFO	Listening on port 57665
1652449294850	RemoteAgent	WARN	TLS certificate errors will be ignored for this session
console.warn: LoginRecipes: "getRecipes: falling back to a synchronous message for:" "https://www.saucedemo.com"
console.warn: LoginRecipes: "getRecipes: falling back to a synchronous message for:" "https://www.saucedemo.com"
JavaScript error: resource://gre/modules/LoginManagerParent.jsm, line 136: TypeError: gRecipeManager is null
1652449296133	Marionette	INFO	Stopped listening on port 57665

###!!! [Parent][PGPUParent] Error: RunMessage(msgname=PGPU::Msg_ShutdownVR) Channel closing: too late to send/recv, messages will be lost

1652504148167	geckodriver	INFO	Listening on 127.0.0.1:50476
1652504151253	mozrunner::runner	INFO	Running command: "C:\\Program Files\\Mozilla Firefox\\firefox.exe" "--marionette" "--remote-debugging-port" "50477" "-no-remote" "-profile" "C:\\Users\\eldor\\AppData\\Local\\Temp\\rust_mozprofileFJ1JkX"
1652504151989	Marionette	INFO	Marionette enabled
console.warn: SearchSettings: "get: No settings file exists, new profile?" (new NotFoundError("Could not open the file at C:\\Users\\eldor\\AppData\\Local\\Temp\\rust_mozprofileFJ1JkX\\search.json.mozlz4", (void 0)))
DevTools listening on ws://localhost:50477/devtools/browser/eabaa2b2-fa41-44ca-9f57-00a6a1fcdce9
1652504154027	Marionette	INFO	Listening on port 50487
1652504154488	RemoteAgent	WARN	TLS certificate errors will be ignored for this session
1652504156472	Marionette	INFO	Stopped listening on port 50487
JavaScript error: resource://gre/modules/Sqlite.jsm, line 1105: Error: Sqlite.jsm has been shutdown. Cannot open connection to: C:\Users\eldor\AppData\Local\Temp\rust_mozprofileFJ1JkX\protections.sqlite
1652504157191	geckodriver	INFO	Listening on 127.0.0.1:50562
1652504160263	mozrunner::runner	INFO	Running command: "C:\\Program Files\\Mozilla Firefox\\firefox.exe" "--marionette" "--remote-debugging-port" "50563" "-no-remote" "-profile" "C:\\Users\\eldor\\AppData\\Local\\Temp\\rust_mozprofileY0dFrv"
1652504160679	Marionette	INFO	Marionette enabled
console.warn: SearchSettings: "get: No settings file exists, new profile?" (new NotFoundError("Could not open the file at C:\\Users\\eldor\\AppData\\Local\\Temp\\rust_mozprofileY0dFrv\\search.json.mozlz4", (void 0)))
DevTools listening on ws://localhost:50563/devtools/browser/25b2908f-156a-4501-b8d8-d2caaa8a492d
1652504162493	Marionette	INFO	Listening on port 50571
1652504162962	RemoteAgent	WARN	TLS certificate errors will be ignored for this session
1652504164778	Marionette	INFO	Stopped listening on port 50571

###!!! [Child][PContentChild] Error: RunMessage(msgname=PContent::Reply_DiscardBrowsingContext) Channel closing: too late to send/recv, messages will be lost


###!!! [Child][PContentChild] Error: RunMessage(msgname=PHttpChannel::Msg_DeleteSelf) Channel closing: too late to send/recv, messages will be lost


###!!! [Parent][PContentParent] Error: Send(msgname=PContent::Msg_DestroyBrowsingContextGroup) Closed channel: cannot send/recv

JavaScript error: resource://gre/modules/Sqlite.jsm, line 1105: Error: Sqlite.jsm has been shutdown. Cannot open connection to: C:\Users\eldor\AppData\Local\Temp\rust_mozprofileY0dFrv\protections.sqlite
1652504165570	geckodriver	INFO	Listening on 127.0.0.1:50644
1652504168800	mozrunner::runner	INFO	Running command: "C:\\Program Files\\Mozilla Firefox\\firefox.exe" "--marionette" "--remote-debugging-port" "50648" "-no-remote" "-profile" "C:\\Users\\eldor\\AppData\\Local\\Temp\\rust_mozprofileIbKgoE"
1652504169388	Marionette	INFO	Marionette enabled
console.warn: SearchSettings: "get: No settings file exists, new profile?" (new NotFoundError("Could not open the file at C:\\Users\\eldor\\AppData\\Local\\Temp\\rust_mozprofileIbKgoE\\search.json.mozlz4", (void 0)))
DevTools listening on ws://localhost:50648/devtools/browser/78b46cd5-264a-44f4-ab50-a47d277b770c
1652504171188	Marionette	INFO	Listening on port 50657
1652504171484	RemoteAgent	WARN	TLS certificate errors will be ignored for this session
1652504172803	Marionette	INFO	Stopped listening on port 50657

###!!! [Child][PContentChild] Error: RunMessage(msgname=PHttpChannel::Msg_DeleteSelf) Channel closing: too late to send/recv, messages will be lost


###!!! [Parent][PContentParent] Error: Send(msgname=PContent::Msg_DestroyBrowsingContextGroup) Closed channel: cannot send/recv

JavaScript error: resource://gre/modules/Sqlite.jsm, line 1105: Error: Sqlite.jsm has been shutdown. Cannot open connection to: C:\Users\eldor\AppData\Local\Temp\rust_mozprofileIbKgoE\protections.sqlite
1652562096329	geckodriver	INFO	Listening on 127.0.0.1:56115
1652562099420	mozrunner::runner	INFO	Running command: "C:\\Program Files\\Mozilla Firefox\\firefox.exe" "--marionette" "--remote-debugging-port" "56116" "-no-remote" "-profile" "C:\\Users\\eldor\\AppData\\Local\\Temp\\rust_mozprofilefJ2uhs"
1652562100364	Marionette	INFO	Marionette enabled
console.warn: SearchSettings: "get: No settings file exists, new profile?" (new NotFoundError("Could not open the file at C:\\Users\\eldor\\AppData\\Local\\Temp\\rust_mozprofilefJ2uhs\\search.json.mozlz4", (void 0)))
DevTools listening on ws://localhost:56116/devtools/browser/671e266e-13f8-49c8-9c04-af0df9fd055c
1652562102072	Marionette	INFO	Listening on port 56123
1652562102443	RemoteAgent	WARN	TLS certificate errors will be ignored for this session
1652562104220	Marionette	INFO	Stopped listening on port 56123

###!!! [Child][PContentChild] Error: RunMessage(msgname=PHttpChannel::Msg_DeleteSelf) Channel closing: too late to send/recv, messages will be lost


###!!! [Parent][PContentParent] Error: Send(msgname=PContent::Msg_DestroyBrowsingContextGroup) Closed channel: cannot send/recv

JavaScript error: resource://gre/modules/Sqlite.jsm, line 1105: Error: Sqlite.jsm has been shutdown. Cannot open connection to: C:\Users\eldor\AppData\Local\Temp\rust_mozprofilefJ2uhs\protections.sqlite
1652562117760	geckodriver	INFO	Listening on 127.0.0.1:56214
1652562120849	mozrunner::runner	INFO	Running command: "C:\\Program Files\\Mozilla Firefox\\firefox.exe" "--marionette" "--remote-debugging-port" "56215" "-no-remote" "-profile" "C:\\Users\\eldor\\AppData\\Local\\Temp\\rust_mozprofileGEcDTo"
1652562121308	Marionette	INFO	Marionette enabled
console.warn: SearchSettings: "get: No settings file exists, new profile?" (new NotFoundError("Could not open the file at C:\\Users\\eldor\\AppData\\Local\\Temp\\rust_mozprofileGEcDTo\\search.json.mozlz4", (void 0)))
DevTools listening on ws://localhost:56215/devtools/browser/d41d7e62-e28f-4be9-a16a-f78bee1a8a63
1652562122862	Marionette	INFO	Listening on port 56222
1652562122920	RemoteAgent	WARN	TLS certificate errors will be ignored for this session
1652562125542	Marionette	INFO	Stopped listening on port 56222

###!!! [Child][PContentChild] Error: RunMessage(msgname=PContent::Reply_DiscardBrowsingContext) Channel closing: too late to send/recv, messages will be lost


###!!! [Child][PContentChild] Error: RunMessage(msgname=PHttpChannel::Msg_DeleteSelf) Channel closing: too late to send/recv, messages will be lost


###!!! [Child][PContentChild] Error: Send(msgname=PBrowser::Msg___delete__) Channel closing: too late to send/recv, messages will be lost


###!!! [Parent][PContentParent] Error: Send(msgname=PContent::Msg_DestroyBrowsingContextGroup) Closed channel: cannot send/recv

JavaScript error: resource://gre/modules/Sqlite.jsm, line 1105: Error: Sqlite.jsm has been shutdown. Cannot open connection to: C:\Users\eldor\AppData\Local\Temp\rust_mozprofileGEcDTo\protections.sqlite
1652562126261	geckodriver	INFO	Listening on 127.0.0.1:56296
1652562129328	mozrunner::runner	INFO	Running command: "C:\\Program Files\\Mozilla Firefox\\firefox.exe" "--marionette" "--remote-debugging-port" "56297" "-no-remote" "-profile" "C:\\Users\\eldor\\AppData\\Local\\Temp\\rust_mozprofileyN4qiY"
1652562129774	Marionette	INFO	Marionette enabled
console.warn: SearchSettings: "get: No settings file exists, new profile?" (new NotFoundError("Could not open the file at C:\\Users\\eldor\\AppData\\Local\\Temp\\rust_mozprofileyN4qiY\\search.json.mozlz4", (void 0)))
DevTools listening on ws://localhost:56297/devtools/browser/23b85889-7e41-4430-b1cb-ddb124973898
1652562131281	Marionette	INFO	Listening on port 56305
1652562131388	RemoteAgent	WARN	TLS certificate errors will be ignored for this session
1652562132504	Marionette	INFO	Stopped listening on port 56305
JavaScript error: resource://gre/modules/TerminatorTelemetry.jsm, line 71: AbortError: IOUtils: Shutting down and refusing additional I/O tasks

###!!! [Parent][PGPUParent] Error: RunMessage(msgname=PGPU::Msg_ShutdownVR) Channel closing: too late to send/recv, messages will be lost

1652562222629	geckodriver	INFO	Listening on 127.0.0.1:56436
1652562225687	mozrunner::runner	INFO	Running command: "C:\\Program Files\\Mozilla Firefox\\firefox.exe" "--marionette" "--remote-debugging-port" "56437" "-no-remote" "-profile" "C:\\Users\\eldor\\AppData\\Local\\Temp\\rust_mozprofileYG3A1J"
1652562226002	Marionette	INFO	Marionette enabled
console.warn: SearchSettings: "get: No settings file exists, new profile?" (new NotFoundError("Could not open the file at C:\\Users\\eldor\\AppData\\Local\\Temp\\rust_mozprofileYG3A1J\\search.json.mozlz4", (void 0)))
DevTools listening on ws://localhost:56437/devtools/browser/79f2d309-2670-4fbb-8c17-23cc0e26bd2e
1652562227489	Marionette	INFO	Listening on port 56445
1652562227742	RemoteAgent	WARN	TLS certificate errors will be ignored for this session
1652562261815	Marionette	INFO	Stopped listening on port 56445
console.warn: TopSitesFeed: Failed to fetch data from Contile server: NetworkError when attempting to fetch resource.

###!!! [Child][PContentChild] Error: RunMessage(msgname=PHttpChannel::Msg_DeleteSelf) Channel closing: too late to send/recv, messages will be lost

JavaScript error: chrome://remote/content/marionette/cert.js, line 55: NS_ERROR_NOT_AVAILABLE: Component returned failure code: 0x80040111 (NS_ERROR_NOT_AVAILABLE) [nsICertOverrideService.setDisableAllSecurityChecksAndLetAttackersInterceptMyData]
1652562280621	geckodriver	INFO	Listening on 127.0.0.1:56555
1652562283689	mozrunner::runner	INFO	Running command: "C:\\Program Files\\Mozilla Firefox\\firefox.exe" "--marionette" "--remote-debugging-port" "56556" "-no-remote" "-profile" "C:\\Users\\eldor\\AppData\\Local\\Temp\\rust_mozprofileknsGZj"
1652562284115	Marionette	INFO	Marionette enabled
console.warn: SearchSettings: "get: No settings file exists, new profile?" (new NotFoundError("Could not open the file at C:\\Users\\eldor\\AppData\\Local\\Temp\\rust_mozprofileknsGZj\\search.json.mozlz4", (void 0)))
DevTools listening on ws://localhost:56556/devtools/browser/19cc0381-605a-4b34-b0a0-e919f40741a6
1652562285482	Marionette	INFO	Listening on port 56563
1652562285739	RemoteAgent	WARN	TLS certificate errors will be ignored for this session
1652562287416	Marionette	INFO	Stopped listening on port 56563
JavaScript error: resource://gre/modules/UrlClassifierListManager.jsm, line 691: TypeError: this.tablesData[table] is undefined
1652562583249	geckodriver	INFO	Listening on 127.0.0.1:56867
1652562586317	mozrunner::runner	INFO	Running command: "C:\\Program Files\\Mozilla Firefox\\firefox.exe" "--marionette" "--remote-debugging-port" "56868" "-no-remote" "-profile" "C:\\Users\\eldor\\AppData\\Local\\Temp\\rust_mozprofileGD1kLl"
1652562586600	Marionette	INFO	Marionette enabled
console.warn: SearchSettings: "get: No settings file exists, new profile?" (new NotFoundError("Could not open the file at C:\\Users\\eldor\\AppData\\Local\\Temp\\rust_mozprofileGD1kLl\\search.json.mozlz4", (void 0)))
DevTools listening on ws://localhost:56868/devtools/browser/cd2e1749-c8c4-4add-944f-737f9b27ee09
1652562588151	Marionette	INFO	Listening on port 56877
1652562588369	RemoteAgent	WARN	TLS certificate errors will be ignored for this session
1652562596200	Marionette	INFO	Stopped listening on port 56877

###!!! [Child][PContentChild] Error: RunMessage(msgname=PHttpChannel::Msg_DeleteSelf) Channel closing: too late to send/recv, messages will be lost


###!!! [Parent][PGPUParent] Error: RunMessage(msgname=PGPU::Msg_ShutdownVR) Channel closing: too late to send/recv, messages will be lost

1652562596852	geckodriver	INFO	Listening on 127.0.0.1:56951
1652562599927	mozrunner::runner	INFO	Running command: "C:\\Program Files\\Mozilla Firefox\\firefox.exe" "--marionette" "--remote-debugging-port" "56952" "-no-remote" "-profile" "C:\\Users\\eldor\\AppData\\Local\\Temp\\rust_mozprofileAuvAPj"
1652562600300	Marionette	INFO	Marionette enabled
console.warn: SearchSettings: "get: No settings file exists, new profile?" (new NotFoundError("Could not open the file at C:\\Users\\eldor\\AppData\\Local\\Temp\\rust_mozprofileAuvAPj\\search.json.mozlz4", (void 0)))
DevTools listening on ws://localhost:56952/devtools/browser/c8b3923d-9708-4a63-933a-786ddc16e9b0
1652562601789	Marionette	INFO	Listening on port 56960
1652562601987	RemoteAgent	WARN	TLS certificate errors will be ignored for this session
1652562603395	Marionette	INFO	Stopped listening on port 56960
1652562852352	geckodriver	INFO	Listening on 127.0.0.1:57236
1652562855440	mozrunner::runner	INFO	Running command: "C:\\Program Files\\Mozilla Firefox\\firefox.exe" "--marionette" "--remote-debugging-port" "57237" "-no-remote" "-profile" "C:\\Users\\eldor\\AppData\\Local\\Temp\\rust_mozprofileTX1B7P"
1652562855819	Marionette	INFO	Marionette enabled
console.warn: SearchSettings: "get: No settings file exists, new profile?" (new NotFoundError("Could not open the file at C:\\Users\\eldor\\AppData\\Local\\Temp\\rust_mozprofileTX1B7P\\search.json.mozlz4", (void 0)))
DevTools listening on ws://localhost:57237/devtools/browser/738965d3-9baa-4338-b05e-7889dd1029a3
1652562857287	Marionette	INFO	Listening on port 57246
1652562857502	RemoteAgent	WARN	TLS certificate errors will be ignored for this session
1652562865104	Marionette	INFO	Stopped listening on port 57246

###!!! [Child][PContentChild] Error: Send(msgname=PHttpChannel::Msg___delete__) Channel closing: too late to send/recv, messages will be lost

1652562865664	geckodriver	INFO	Listening on 127.0.0.1:49671
1652562868741	mozrunner::runner	INFO	Running command: "C:\\Program Files\\Mozilla Firefox\\firefox.exe" "--marionette" "--remote-debugging-port" "49672" "-no-remote" "-profile" "C:\\Users\\eldor\\AppData\\Local\\Temp\\rust_mozprofileIf59AM"
1652562869110	Marionette	INFO	Marionette enabled
console.warn: SearchSettings: "get: No settings file exists, new profile?" (new NotFoundError("Could not open the file at C:\\Users\\eldor\\AppData\\Local\\Temp\\rust_mozprofileIf59AM\\search.json.mozlz4", (void 0)))
DevTools listening on ws://localhost:49672/devtools/browser/227a0e81-9ae4-45e1-8cf2-c921431a706c
1652562870599	Marionette	INFO	Listening on port 49680
1652562870793	RemoteAgent	WARN	TLS certificate errors will be ignored for this session
1652562872218	Marionette	INFO	Stopped listening on port 49680

###!!! [Child][PContentChild] Error: Send(msgname=PHttpChannel::Msg___delete__) Channel closing: too late to send/recv, messages will be lost


###!!! [Child][PContentChild] Error: RunMessage(msgname=PHttpChannel::Msg_DeleteSelf) Channel closing: too late to send/recv, messages will be lost


###!!! [Child][PContentChild] Error: RunMessage(msgname=PHttpChannel::Msg_DeleteSelf) Channel closing: too late to send/recv, messages will be lost


###!!! [Child][PContentChild] Error: RunMessage(msgname=PHttpChannel::Msg_DeleteSelf) Channel closing: too late to send/recv, messages will be lost


###!!! [Child][PContentChild] Error: Send(msgname=PBrowser::Msg___delete__) Channel closing: too late to send/recv, messages will be lost


###!!! [Parent][PContentParent] Error: Send(msgname=PContent::Msg_DestroyBrowsingContextGroup) Closed channel: cannot send/recv

JavaScript error: resource://gre/modules/Sqlite.jsm, line 1105: Error: Sqlite.jsm has been shutdown. Cannot open connection to: C:\Users\eldor\AppData\Local\Temp\rust_mozprofileIf59AM\protections.sqlite
1652584477487	geckodriver	INFO	Listening on 127.0.0.1:52008
1652584480565	mozrunner::runner	INFO	Running command: "C:\\Program Files\\Mozilla Firefox\\firefox.exe" "--marionette" "--remote-debugging-port" "52009" "-no-remote" "-profile" "C:\\Users\\eldor\\AppData\\Local\\Temp\\rust_mozprofileEyTX59"
1652584482121	Marionette	INFO	Marionette enabled
console.warn: SearchSettings: "get: No settings file exists, new profile?" (new NotFoundError("Could not open the file at C:\\Users\\eldor\\AppData\\Local\\Temp\\rust_mozprofileEyTX59\\search.json.mozlz4", (void 0)))
DevTools listening on ws://localhost:52009/devtools/browser/7426a5a2-c611-4d49-b9b6-be58768fe3cb
1652584484235	Marionette	INFO	Listening on port 52021
1652584484659	RemoteAgent	WARN	TLS certificate errors will be ignored for this session
1652584492683	Marionette	INFO	Stopped listening on port 52021
JavaScript error: resource://gre/modules/Sqlite.jsm, line 1105: Error: Sqlite.jsm has been shutdown. Cannot open connection to: C:\Users\eldor\AppData\Local\Temp\rust_mozprofileEyTX59\protections.sqlite

###!!! [Parent][PGPUParent] Error: RunMessage(msgname=PGPU::Msg_ShutdownVR) Channel closing: too late to send/recv, messages will be lost

1652584493442	geckodriver	INFO	Listening on 127.0.0.1:52100
1652584496511	mozrunner::runner	INFO	Running command: "C:\\Program Files\\Mozilla Firefox\\firefox.exe" "--marionette" "--remote-debugging-port" "52101" "-no-remote" "-profile" "C:\\Users\\eldor\\AppData\\Local\\Temp\\rust_mozprofileT8THar"
1652584496878	Marionette	INFO	Marionette enabled
console.warn: SearchSettings: "get: No settings file exists, new profile?" (new NotFoundError("Could not open the file at C:\\Users\\eldor\\AppData\\Local\\Temp\\rust_mozprofileT8THar\\search.json.mozlz4", (void 0)))
DevTools listening on ws://localhost:52101/devtools/browser/48a6a938-cad4-4f7b-9381-648102003e48
1652584498454	Marionette	INFO	Listening on port 52107
1652584498570	RemoteAgent	WARN	TLS certificate errors will be ignored for this session
1652584500373	Marionette	INFO	Stopped listening on port 52107
JavaScript error: resource://gre/modules/AsyncShutdown.jsm, line 718: Error: Phase "Sqlite.jsm: wait until all connections are closed" is finished, it is too late to register completion condition "protections.sqlite#0: waiting for shutdown"
1652584902459	geckodriver	INFO	Listening on 127.0.0.1:60344
1652584905526	mozrunner::runner	INFO	Running command: "C:\\Program Files\\Mozilla Firefox\\firefox.exe" "--marionette" "--remote-debugging-port" "60345" "-no-remote" "-profile" "C:\\Users\\eldor\\AppData\\Local\\Temp\\rust_mozprofileLkirUu"
1652584906056	Marionette	INFO	Marionette enabled
console.warn: SearchSettings: "get: No settings file exists, new profile?" (new NotFoundError("Could not open the file at C:\\Users\\eldor\\AppData\\Local\\Temp\\rust_mozprofileLkirUu\\search.json.mozlz4", (void 0)))
DevTools listening on ws://localhost:60345/devtools/browser/e0a739d1-60ad-4b02-b401-5fe05fb8743a
1652584908022	Marionette	INFO	Listening on port 60351
1652584908226	RemoteAgent	WARN	TLS certificate errors will be ignored for this session
1652584916305	Marionette	INFO	Stopped listening on port 60351
1652584917113	geckodriver	INFO	Listening on 127.0.0.1:60423
1652584920184	mozrunner::runner	INFO	Running command: "C:\\Program Files\\Mozilla Firefox\\firefox.exe" "--marionette" "--remote-debugging-port" "60424" "-no-remote" "-profile" "C:\\Users\\eldor\\AppData\\Local\\Temp\\rust_mozprofileKXBoiD"
1652584920635	Marionette	INFO	Marionette enabled
console.warn: SearchSettings: "get: No settings file exists, new profile?" (new NotFoundError("Could not open the file at C:\\Users\\eldor\\AppData\\Local\\Temp\\rust_mozprofileKXBoiD\\search.json.mozlz4", (void 0)))
DevTools listening on ws://localhost:60424/devtools/browser/3c04a5a2-2301-40a8-9f5c-040921552100
1652584922299	Marionette	INFO	Listening on port 60430
1652584922354	RemoteAgent	WARN	TLS certificate errors will be ignored for this session
1652584924175	Marionette	INFO	Stopped listening on port 60430

###!!! [Child][PContentChild] Error: RunMessage(msgname=PContent::Reply_DiscardBrowsingContext) Channel closing: too late to send/recv, messages will be lost


###!!! [Child][PContentChild] Error: RunMessage(msgname=PHttpChannel::Msg_DeleteSelf) Channel closing: too late to send/recv, messages will be lost


###!!! [Child][PContentChild] Error: RunMessage(msgname=PHttpChannel::Msg_DeleteSelf) Channel closing: too late to send/recv, messages will be lost


###!!! [Child][PContentChild] Error: RunMessage(msgname=PHttpChannel::Msg_DeleteSelf) Channel closing: too late to send/recv, messages will be lost


###!!! [Parent][PContentParent] Error: Send(msgname=PContent::Msg_DestroyBrowsingContextGroup) Closed channel: cannot send/recv

JavaScript error: resource://gre/modules/Sqlite.jsm, line 1105: Error: Sqlite.jsm has been shutdown. Cannot open connection to: C:\Users\eldor\AppData\Local\Temp\rust_mozprofileKXBoiD\protections.sqlite

###!!! [Parent][PGPUParent] Error: RunMessage(msgname=PGPU::Msg_ShutdownVR) Channel closing: too late to send/recv, messages will be lost

1652586219433	geckodriver	INFO	Listening on 127.0.0.1:55397
1652586222530	mozrunner::runner	INFO	Running command: "C:\\Program Files\\Mozilla Firefox\\firefox.exe" "--marionette" "--remote-debugging-port" "55398" "-no-remote" "-profile" "C:\\Users\\eldor\\AppData\\Local\\Temp\\rust_mozprofileIqyXvH"
1652586223288	Marionette	INFO	Marionette enabled
console.warn: SearchSettings: "get: No settings file exists, new profile?" (new NotFoundError("Could not open the file at C:\\Users\\eldor\\AppData\\Local\\Temp\\rust_mozprofileIqyXvH\\search.json.mozlz4", (void 0)))
DevTools listening on ws://localhost:55398/devtools/browser/c80d08e3-e89e-49d0-b203-a1d84516fd34
1652586225500	Marionette	INFO	Listening on port 55404
1652586225756	RemoteAgent	WARN	TLS certificate errors will be ignored for this session
1652586233655	Marionette	INFO	Stopped listening on port 55404

###!!! [Child][PContentChild] Error: RunMessage(msgname=PContent::Reply_DiscardBrowsingContext) Channel closing: too late to send/recv, messages will be lost


###!!! [Child][PContentChild] Error: RunMessage(msgname=PHttpChannel::Msg_DeleteSelf) Channel closing: too late to send/recv, messages will be lost


###!!! [Parent][PContentParent] Error: Send(msgname=PContent::Msg_DestroyBrowsingContextGroup) Closed channel: cannot send/recv

JavaScript error: resource://gre/modules/Sqlite.jsm, line 1105: Error: Sqlite.jsm has been shutdown. Cannot open connection to: C:\Users\eldor\AppData\Local\Temp\rust_mozprofileIqyXvH\protections.sqlite

###!!! [Parent][PGPUParent] Error: RunMessage(msgname=PGPU::Msg_ShutdownVR) Channel closing: too late to send/recv, messages will be lost

1652586234333	geckodriver	INFO	Listening on 127.0.0.1:55478
1652586237390	mozrunner::runner	INFO	Running command: "C:\\Program Files\\Mozilla Firefox\\firefox.exe" "--marionette" "--remote-debugging-port" "55479" "-no-remote" "-profile" "C:\\Users\\eldor\\AppData\\Local\\Temp\\rust_mozprofileI3QYO7"
1652586237776	Marionette	INFO	Marionette enabled
console.warn: SearchSettings: "get: No settings file exists, new profile?" (new NotFoundError("Could not open the file at C:\\Users\\eldor\\AppData\\Local\\Temp\\rust_mozprofileI3QYO7\\search.json.mozlz4", (void 0)))
DevTools listening on ws://localhost:55479/devtools/browser/dfe4d10d-6570-4b7d-8ff1-e1b29333801d
1652586239610	Marionette	INFO	Listening on port 55485
1652586240064	RemoteAgent	WARN	TLS certificate errors will be ignored for this session
1652586241690	Marionette	INFO	Stopped listening on port 55485
JavaScript error: resource://gre/modules/Sqlite.jsm, line 1105: Error: Sqlite.jsm has been shutdown. Cannot open connection to: C:\Users\eldor\AppData\Local\Temp\rust_mozprofileI3QYO7\protections.sqlite
