05/11/2022 08:37:43 PM Opening firefox browser
05/11/2022 08:37:46 PM Navigating to https://www.saucedemo.com/
05/11/2022 08:37:46 PM ********** Test Case: Validating Login Page Title 
05/11/2022 08:37:46 PM Taking a screenshot .\screenshots\image-051122-203746.png
05/11/2022 08:37:46 PM Closing the browser
05/11/2022 08:37:57 PM Opening firefox browser
05/11/2022 08:37:58 PM Navigating to https://www.saucedemo.com/
05/11/2022 08:37:59 PM ********** Test Case: Validating Login Process
05/11/2022 08:38:00 PM Taking a screenshot .\screenshots\image-051122-203759.png
05/11/2022 08:38:00 PM Closing the browser
05/13/2022 09:26:25 AM Opening firefox browser
05/13/2022 09:26:26 AM Navigating to https://www.saucedemo.com/
05/13/2022 09:26:26 AM ********** Test Case: Validating Login Page Title 
05/13/2022 09:26:26 AM Taking a screenshot .\screenshots\image-051322-092626.png
05/13/2022 09:26:26 AM Closing the browser
05/13/2022 09:26:32 AM Opening firefox browser
05/13/2022 09:26:33 AM Navigating to https://www.saucedemo.com/
05/13/2022 09:26:34 AM ********** Test Case: Validating Login Process
05/13/2022 09:26:34 AM Taking a screenshot .\screenshots\image-051322-092634.png
05/13/2022 09:26:34 AM Closing the browser
05/13/2022 09:26:40 AM Opening firefox browser
05/13/2022 09:26:40 AM Navigating to https://www.saucedemo.com/
05/13/2022 09:26:40 AM ********** Test Case: Validating Login Page Title 
05/13/2022 09:26:40 AM Taking a screenshot .\screenshots\image-051322-092640.png
05/13/2022 09:26:40 AM Closing the browser
05/13/2022 09:26:46 AM Opening firefox browser
05/13/2022 09:26:47 AM Navigating to https://www.saucedemo.com/
05/13/2022 09:26:47 AM Taking a screenshot .\screenshots\image-051322-092647.png
05/13/2022 09:26:47 AM Closing the browser
05/13/2022 09:31:37 AM Opening firefox browser
05/13/2022 09:31:38 AM Navigating to https://www.saucedemo.com/
05/13/2022 09:31:38 AM ********** Test Case: Add to Cart
05/13/2022 09:31:38 AM Taking a screenshot .\screenshots\image-051322-093138.png
05/13/2022 09:31:38 AM Closing the browser
05/13/2022 09:35:22 AM Opening firefox browser
05/13/2022 09:35:23 AM Navigating to https://www.saucedemo.com/
05/13/2022 09:35:23 AM ********** Test Case: Validating Login Page Title 
05/13/2022 09:35:23 AM Taking a screenshot .\screenshots\image-051322-093523.png
05/13/2022 09:35:23 AM Closing the browser
05/13/2022 09:35:29 AM Opening firefox browser
05/13/2022 09:35:30 AM Navigating to https://www.saucedemo.com/
05/13/2022 09:35:30 AM ********** Test Case: Validating Login Process
05/13/2022 09:35:30 AM Taking a screenshot .\screenshots\image-051322-093530.png
05/13/2022 09:35:30 AM Closing the browser
05/13/2022 09:35:36 AM Opening firefox browser
05/13/2022 09:35:37 AM Navigating to https://www.saucedemo.com/
05/13/2022 09:35:37 AM ********** Test Case: Add to Cart
05/13/2022 09:35:38 AM Taking a screenshot .\screenshots\image-051322-093538.png
05/13/2022 09:35:38 AM Closing the browser
05/13/2022 09:39:53 AM Opening firefox browser
05/13/2022 09:39:54 AM Navigating to https://www.saucedemo.com/
05/13/2022 09:39:54 AM ********** Test Case: Validating Login Page Title 
05/13/2022 09:39:54 AM Taking a screenshot .\screenshots\image-051322-093954.png
05/13/2022 09:39:54 AM Closing the browser
05/13/2022 09:40:01 AM Opening firefox browser
05/13/2022 09:40:01 AM Navigating to https://www.saucedemo.com/
05/13/2022 09:40:01 AM Taking a screenshot .\screenshots\image-051322-094001.png
05/13/2022 09:40:01 AM Closing the browser
05/13/2022 09:40:07 AM Opening firefox browser
05/13/2022 09:40:08 AM Navigating to https://www.saucedemo.com/
05/13/2022 09:40:08 AM Taking a screenshot .\screenshots\image-051322-094008.png
05/13/2022 09:40:08 AM Closing the browser
05/13/2022 09:41:21 AM Opening firefox browser
05/13/2022 09:41:22 AM Navigating to https://www.saucedemo.com/
05/13/2022 09:41:22 AM ********** Test Case: Validating Login Page Title 
05/13/2022 09:41:22 AM Taking a screenshot .\screenshots\image-051322-094122.png
05/13/2022 09:41:22 AM Closing the browser
05/13/2022 09:41:27 AM Opening firefox browser
05/13/2022 09:41:28 AM Navigating to https://www.saucedemo.com/
05/13/2022 09:41:28 AM ********** Test Case: Validating Login Process
05/13/2022 09:41:29 AM Taking a screenshot .\screenshots\image-051322-094128.png
05/13/2022 09:41:29 AM Closing the browser
05/13/2022 09:41:34 AM Opening firefox browser
05/13/2022 09:41:35 AM Navigating to https://www.saucedemo.com/
05/13/2022 09:41:36 AM ********** Test Case: Add to Cart
05/13/2022 09:41:36 AM Taking a screenshot .\screenshots\image-051322-094136.png
05/13/2022 09:41:36 AM Closing the browser
05/14/2022 12:55:54 AM Opening firefox browser
05/14/2022 12:55:55 AM Navigating to https://message.bankofamerica.com/onlinebanking_demo/OLB_Simulator/
05/14/2022 12:55:56 AM ********** Test Case: Validating Login Page Title 
05/14/2022 12:55:56 AM Taking a screenshot .\screenshots\image-051422-005556.png
05/14/2022 12:55:56 AM Closing the browser
05/14/2022 12:56:02 AM Opening firefox browser
05/14/2022 12:56:04 AM Navigating to https://message.bankofamerica.com/onlinebanking_demo/OLB_Simulator/
05/14/2022 12:56:04 AM Taking a screenshot .\screenshots\image-051422-005604.png
05/14/2022 12:56:04 AM Closing the browser
05/14/2022 12:56:11 AM Opening firefox browser
05/14/2022 12:56:12 AM Navigating to https://message.bankofamerica.com/onlinebanking_demo/OLB_Simulator/
05/14/2022 12:56:12 AM Taking a screenshot .\screenshots\image-051422-005612.png
05/14/2022 12:56:12 AM Closing the browser
05/14/2022 05:01:42 PM Opening firefox browser
05/14/2022 05:01:43 PM Navigating to https://message.bankofamerica.com/onlinebanking_demo/OLB_Simulator/
05/14/2022 05:01:43 PM ********** Test Case: Validating Welcome Page Title 
05/14/2022 05:01:44 PM Taking a screenshot .\screenshots\image-051422-170143.png
05/14/2022 05:01:44 PM Closing the browser
05/14/2022 05:02:02 PM Opening firefox browser
05/14/2022 05:02:04 PM Navigating to https://message.bankofamerica.com/onlinebanking_demo/OLB_Simulator/
05/14/2022 05:02:04 PM ********** Test Case: First Sign in
05/14/2022 05:02:05 PM Taking a screenshot .\screenshots\image-051422-170205.png
05/14/2022 05:02:05 PM Closing the browser
05/14/2022 05:02:11 PM Opening firefox browser
05/14/2022 05:02:12 PM Navigating to https://message.bankofamerica.com/onlinebanking_demo/OLB_Simulator/
05/14/2022 05:02:12 PM ********** Test Case: Validating Welcome Page Title 
05/14/2022 05:02:12 PM Taking a screenshot .\screenshots\image-051422-170212.png
05/14/2022 05:02:12 PM Closing the browser
05/14/2022 05:03:47 PM Opening firefox browser
05/14/2022 05:03:49 PM Navigating to https://message.bankofamerica.com/onlinebanking_demo/OLB_Simulator/
05/14/2022 05:03:49 PM ********** Test Case: First Sign in
05/14/2022 05:04:45 PM Opening firefox browser
05/14/2022 05:04:47 PM Navigating to https://message.bankofamerica.com/onlinebanking_demo/OLB_Simulator/
05/14/2022 05:04:47 PM ********** Test Case: Validating Welcome Page Title 
05/14/2022 05:04:47 PM Taking a screenshot .\screenshots\image-051422-170447.png
05/14/2022 05:04:47 PM Closing the browser
05/14/2022 05:09:48 PM Opening firefox browser
05/14/2022 05:09:49 PM Navigating to https://message.bankofamerica.com/onlinebanking_demo/OLB_Simulator/
05/14/2022 05:09:49 PM ********** Test Case: First Sign in
05/14/2022 05:09:56 PM Taking a screenshot .\screenshots\image-051422-170956.png
05/14/2022 05:09:56 PM Closing the browser
05/14/2022 05:10:01 PM Opening firefox browser
05/14/2022 05:10:03 PM Navigating to https://message.bankofamerica.com/onlinebanking_demo/OLB_Simulator/
05/14/2022 05:10:03 PM ********** Test Case: Validating Welcome Page Title 
05/14/2022 05:10:03 PM Taking a screenshot .\screenshots\image-051422-171003.png
05/14/2022 05:10:03 PM Closing the browser
05/14/2022 05:14:17 PM Opening firefox browser
05/14/2022 05:14:18 PM Navigating to https://message.bankofamerica.com/onlinebanking_demo/OLB_Simulator/
05/14/2022 05:14:18 PM ********** Test Case: First Sign in
05/14/2022 05:14:19 PM Moving to sign in page
05/14/2022 05:14:24 PM Signing in ...
05/14/2022 05:14:25 PM Taking a screenshot .\screenshots\image-051422-171425.png
05/14/2022 05:14:25 PM Closing the browser
05/14/2022 05:14:30 PM Opening firefox browser
05/14/2022 05:14:31 PM Navigating to https://message.bankofamerica.com/onlinebanking_demo/OLB_Simulator/
05/14/2022 05:14:31 PM ********** Test Case: Validating Welcome Page Title 
05/14/2022 05:14:32 PM Taking a screenshot .\screenshots\image-051422-171431.png
05/14/2022 05:14:32 PM Closing the browser
05/14/2022 11:14:44 PM Opening firefox browser
05/14/2022 11:14:46 PM Navigating to https://message.bankofamerica.com/onlinebanking_demo/OLB_Simulator/
05/14/2022 11:14:46 PM ********** Test Case: First Sign in
05/14/2022 11:14:46 PM Moving to sign in page
05/14/2022 11:14:52 PM Signing in ...
05/14/2022 11:14:52 PM Taking a screenshot .\screenshots\image-051422-231452.png
05/14/2022 11:14:52 PM Closing the browser
05/14/2022 11:14:58 PM Opening firefox browser
05/14/2022 11:15:00 PM Navigating to https://message.bankofamerica.com/onlinebanking_demo/OLB_Simulator/
05/14/2022 11:15:00 PM ********** Test Case: Validating Welcome Page Title 
05/14/2022 11:15:00 PM Taking a screenshot .\screenshots\image-051422-231500.png
05/14/2022 11:15:00 PM Closing the browser
05/14/2022 11:21:48 PM Opening firefox browser
05/14/2022 11:21:49 PM Navigating to https://message.bankofamerica.com/onlinebanking_demo/OLB_Simulator/
05/14/2022 11:21:49 PM ********** Test Case: First Sign in
05/14/2022 11:21:50 PM Moving to sign in page
05/14/2022 11:21:56 PM Signing in ...
05/14/2022 11:21:56 PM Taking a screenshot .\screenshots\image-051422-232156.png
05/14/2022 11:21:56 PM Closing the browser
05/14/2022 11:22:02 PM Opening firefox browser
05/14/2022 11:22:03 PM Navigating to https://message.bankofamerica.com/onlinebanking_demo/OLB_Simulator/
05/14/2022 11:22:03 PM ********** Test Case: Validating Welcome Page Title 
05/14/2022 11:22:04 PM Taking a screenshot .\screenshots\image-051422-232203.png
05/14/2022 11:22:04 PM Closing the browser
05/14/2022 11:43:45 PM Opening firefox browser
05/14/2022 11:43:47 PM Navigating to https://message.bankofamerica.com/onlinebanking_demo/OLB_Simulator/
05/14/2022 11:43:47 PM ********** Test Case: First Sign in
05/14/2022 11:43:47 PM Moving to sign in page
05/14/2022 11:43:53 PM Signing in ...
05/14/2022 11:43:53 PM Taking a screenshot .\screenshots\image-051422-234353.png
05/14/2022 11:43:53 PM Closing the browser
05/14/2022 11:44:00 PM Opening firefox browser
05/14/2022 11:44:01 PM Navigating to https://message.bankofamerica.com/onlinebanking_demo/OLB_Simulator/
05/14/2022 11:44:01 PM ********** Test Case: Validating Welcome Page Title 
05/14/2022 11:44:01 PM Taking a screenshot .\screenshots\image-051422-234401.png
05/14/2022 11:44:01 PM Closing the browser
